========================================================================
pseudopotential program version  7.3.3   date:  0 -  0 -    0
========================================================================

 ifae =   1    ifpsp =   0    ifprt =   0    ifplw =   0    ilogd =   3
 rlogd=   2.40000     emin=  -6.00000     emax=   2.00000     nnt=   40
 thresh, tol =   1.000E-10   1.000E-09    damp =  .500    maxit = 250

          *************************************************************
          arsenium                  ceperley-alder exchange-correlation
          *************************************************************

 z =  33.    xion =  .00    exfact =    .00000    irel=   0
 ncspvs =    8
 rmax =  79.00000    aasf =   6.00000    bbsf =  59.00000

 value of mesh generated in rinit is   821
 irel = 0 so all electron calculations use schroedinger equations


                         the system has converged with
                                 delta=  .5671364D-09


                             the eigenvalues are


          orbital          occupation          energy
           100                   2.00            -846.65489
           200                   2.00            -106.18454
           210                   6.00             -95.05624
           300                   2.00             -13.46057
           310                   6.00              -9.70281
           320                  10.00              -3.08487
           400                   2.00              -1.04745
           410                   3.00               -.39541
 etot=  -4464.99184 ryd ;     -60746.21196 ev            ebsr,ehar,emvxc=  -2595.28415   1921.40741     51.69972

 subroutine lderiv: pass   1

 leaving lderiv
