 atom-LDAcaTODAY          Boron     
 B  pseudopotential generation
 -----------------------------

 correlation = ca   nonspin-polarized

 nuclear charge             =  5.000000
 number of core orbitals    =  1
 number of valence orbitals =  2
 electronic charge          =  4.650000
 ionic charge               =   .350000


 input data for orbitals

  i    n    l    s     j     occ

  1    1    0    .0    .0    2.0000
  2    2    0    .0    .0    1.8500
  3    2    1    .0    .0     .8000


 radial grid parameters

 r(1) = .0 , r(2) = .624E-05 , ... , r( 992) = 118.873
 a =  6.000  b =  80.000


 n = 1  l = 0  s =  .0
        a extr         1.560
        r extr          .212
        r zero    
        r 90/99 %       .600    .978

 n = 2  l = 0  s =  .0
        a extr          .319   -.747
        r extr          .169   1.497
        r zero          .463
        r 90/99 %      3.013   4.495

 n = 2  l = 1  s =  .0
        a extr          .658
        r extr         1.496
        r zero    
        r 90/99 %      3.545   5.559

Total number of iterations needed for electron screening potential is 17



 B  output data for orbitals
 ----------------------------

 nl    s      occ         eigenvalue    kinetic energy      pot energy

 1s    .0    2.0000     -13.42716608      21.33143534     -46.15348776
 2s    .0    1.8500       -.92810801       2.23175668      -7.56901508
 2p    .0     .8000       -.50109899       1.68218784      -6.41780062


 total energies
 --------------

 sum of eigenvalues        =      -28.97221117
 kinetic energy from ek    =       48.13737081
 el-ion interaction energy =     -111.44389391
 el-el  interaction energy =       21.68969652
 vxc    correction         =       -9.04508004
 virial correction         =         .35095590
 exchange + corr energy    =       -6.87154901
 kinetic energy from ev    =       48.13736973
 potential energy          =      -96.62574640
 ---------------------------------------------
 total energy              =      -48.48837666


 virial theorem(nonrelativistic)
 --------------

 kinetic energy  *  2      =       96.27473947
 potential energy          =      -96.62574640
 virial correction         =         .35095590
 ---------------------------------------------
 virial sum                =        -.00005103


%%%%%%%%%%%%%%%%%%%%%%%%%%%%%%%%%%%%%%%%%%%%%%%%%%%%%%%%%%%%


