========================================================================
pseudopotential program version  7.3.3   date:  2 - 19 - 2002
========================================================================

 ifae =   1    ifpsp =   0    ifprt =   1    ifplw =   1    ilogd =   3
 rlogd=   1.80000     emin=  -2.40000     emax=   1.60000     nnt=   40
 thresh, tol =   1.000E-10   1.000E-09    damp = 0.500    maxit = 250

          *************************************************************
          Ti                        ceperley-alder exchange-correlation
          *************************************************************

 z =  22.    xion = 1.00    exfact =   0.00000    irel=   2
 ncspvs =    7
 rmax = 200.00000    aasf =   6.00000    bbsf =  59.00000

 value of mesh generated in rinit is   851
 rlogd =  1.80000 generated klogd =  573 with r(klogd) =  1.82908

          logarimic radial mesh values:

     index            r                  rab

       1         0.00000000          0.00000191
       2         0.00000193          0.00000194
       3         0.00000388          0.00000198
       4         0.00000588          0.00000201
       5         0.00000790          0.00000204
       6         0.00000996          0.00000208
       7         0.00001206          0.00000211
       8         0.00001419          0.00000215
       9         0.00001636          0.00000219
      10         0.00001857          0.00000222
       .          .                   .
       .          .                   .
       .          .                   .
     841       171.78522872          2.91161596
     842       174.72165939          2.96138597
     843       177.70828424          3.01200673
     844       180.74596127          3.06349278
     845       183.83556315          3.11585891
     846       186.97797747          3.16912017
     847       190.17410697          3.22329186
     848       193.42486984          3.27838953
     849       196.73119997          3.33442903
     850       200.09404720          3.39142644
     851       203.51437761          3.44939814
 subroutine setnuc - nuclear core radius =    0.71524E-04
 irel = 2 so all electron calculations use koelling-harmon equations

 subroutine rsae: construct charge density
 leaving rsae

 subroutine rsae: construct charge density
 leaving rsae

 subroutine rsae: construct charge density
 leaving rsae

 subroutine rsae: construct charge density
 leaving rsae

 subroutine rsae: construct charge density
 leaving rsae

 subroutine rsae: construct charge density
 leaving rsae

 subroutine rsae: construct charge density
 leaving rsae

 subroutine rsae: construct charge density
 leaving rsae

 subroutine rsae: construct charge density
 leaving rsae

 subroutine rsae: construct charge density
 leaving rsae

 subroutine rsae: construct charge density
 leaving rsae

 subroutine rsae: construct charge density
 leaving rsae

 subroutine rsae: construct charge density
 leaving rsae

 subroutine rsae: construct charge density
 leaving rsae

 subroutine rsae: construct charge density
 leaving rsae

 subroutine rsae: construct charge density
 leaving rsae

 subroutine rsae: construct charge density
 leaving rsae

 subroutine rsae: construct charge density
 leaving rsae

 subroutine rsae: construct charge density
 leaving rsae

 subroutine rsae: construct charge density
 leaving rsae

 subroutine rsae: construct charge density
 leaving rsae

 subroutine rsae: construct charge density
 leaving rsae

 subroutine rsae: construct charge density
 leaving rsae

 subroutine rsae: construct charge density
 leaving rsae

 subroutine rsae: construct charge density
 leaving rsae

 subroutine rsae: construct charge density
 leaving rsae

 subroutine rsae: construct charge density
 leaving rsae

 subroutine rsae: construct charge density
 leaving rsae

 subroutine rsae: construct charge density
 leaving rsae

 subroutine rsae: construct charge density
 leaving rsae

 subroutine rsae: construct charge density
 leaving rsae

 subroutine rsae: construct charge density
 leaving rsae

 subroutine rsae: construct charge density
 leaving rsae


                         the system has converged with
                                 delta= 0.9520935D-09


                             the eigenvalues are


          orbital          occupation          energy
           100                   2.00            -357.88581
           200                   2.00             -40.39584
           210                   6.00             -33.66668
           300                   2.00              -5.53032
           310                   6.00              -3.78675
           400                   2.00              -0.89044
           320                   1.00              -1.18524
 etot=  -1702.68624 ryd ;     -23165.04636 ev            ebsr,ehar,emvxc=  -1035.31068    692.99920     25.62364

 subroutine lderiv: pass   1

 leaving lderiv
