========================================================================
pseudopotential program version  7.3.3   date:  0 -  0 -    0
========================================================================

 ifae =   0    ifpsp =   2    ifprt =   1    ifplw =   1    ilogd =   3
 rlogd=   1.20000     emin=  -2.40000     emax=   1.60000     nnt=   80
 thresh, tol =   1.000E-11   1.000E-09    damp =  .500    maxit = 250
 ncores =    0    nvales =    1    nang =    1
 core charge =   .00000 and valence charge =  1.00000
 besrmax = 10.00    besemin = 20.00    besemax = 40.00    besde= 10.00
 keyps =    3   ifpcor =    0   rinner =    .80000   rpcor =    .00000
 nbeta =  1     rcloc =    .800
 rc for s, p, d, f =    .80000
 ib, lll, eee, iptype =   1   0   -.467   2
 npf =  6      ptryc =  10.00000
 lloc =  1     eloc =    .00000     iploctype=  1
 ifqopt =  2     nqf =  8     qtryc =  10.00000     nfix =  0

 value of mesh generated in rinit is   615
 rlogd =  1.20000 generated klogd =  366 with r(klogd) =  1.20247

          logarimic radial mesh values:

     index            r                  rab

       1          .00000000           .00004201
       2          .00004237           .00004273
       3          .00008547           .00004346
       4          .00012930           .00004420
       5          .00017388           .00004496
       6          .00021922           .00004573
       7          .00026534           .00004651
       8          .00031225           .00004731
       9          .00035995           .00004811
      10          .00040848           .00004894
       .          .                   .
       .          .                   .
       .          .                   .
     605        69.21740339          1.17321834
     606        70.40062067          1.19327287
     607        71.60406340          1.21367021
     608        72.82807731          1.23441620
     609        74.07301402          1.25551683
     610        75.33923119          1.27697813
     611        76.62709257          1.29880629
     612        77.93696815          1.32100757
     613        79.26923422          1.34358836
     614        80.62427352          1.36655512
     615        82.00247533          1.38991448
 subroutine setnuc - nuclear core radius =     .15735E-02
 irel = 0 so all electron calculations use schroedinger equations

 subroutine rsae: construct charge density
 leaving rsae


                         the system has converged with
                                 delta=  .1935452D-10


                             the eigenvalues are


          orbital          occupation          energy
           100                   1.00               -.46732
 etot=      -.89177 ryd ;        -12.13253 ev            ebsr,ehar,emvxc=      -.46732       .56555       .14110

 subroutine prwf: writing wavefunctions to unit iplot

 subroutine lderiv: pass   1

 leaving lderiv

 -----------------------------------------------
 begin subroutine scpgef
 -----------------------------------------------

   rcmax, rbeta, rlogd =     .80000   1.30904   1.20000
          kkbeta,klogd =                  371       366
   lloc = 1 so new pseudization scheme for vloc with eloc =     .000

   subroutine psv: pseudize the local potential

   generating vloc with lloc  1 eloc =   .00000
   calling phase
   calling pswf1

   subroutine pswf1
   leaving pswf1
   calling phase

   results for the local potential vloc
        r         vloc         dum2         dum3
       .0036   -.01977779    .00001363    .00001363
       .0181   -.09941167    .00034478    .00034478
       .0324   -.17727793    .00109885    .00109885
       .0465   -.25377516    .00225949    .00225949
       .0617   -.33604140    .00398203    .00398203
       .0762   -.41337982    .00606303    .00606303
       .0907   -.49005432    .00858479    .00858479
       .1043   -.56047072    .01132104    .01132104
       .1198   -.63974731    .01490941    .01490941
       .1329   -.70539643    .01831281    .01831281
       .1473   -.77656156    .02247536    .02247536
       .1634   -.85331346    .02756102    .02756102
       .1781   -.92148063    .03264534    .03264534
       .1907   -.97865268    .03736210    .03736210
       .2043  -1.03800714    .04274049    .04274049
       .2188  -1.09931681    .04886857    .04886857
       .2343  -1.16226594    .05584486    .05584486
       .2509  -1.22643277    .06377921    .06377921
       .2641  -1.27503327    .07043165    .07043165
       .2780  -1.32373052    .07774767    .07774767
       .2927  -1.37218989    .08578787    .08578787
       .3080  -1.42002079    .09461734    .09461734
       .3188  -1.45133879    .10097638    .10097638
       .3355  -1.49708832    .11127864    .11127864
       .3472  -1.52652795    .11868955    .11868954
       .3654  -1.56864123    .13068070    .13068070
       .3781  -1.59506255    .13929521    .13929521
       .3912  -1.61991178    .14843714    .14843714
       .4048  -1.64296260    .15813432    .15813432
       .4188  -1.66397850    .16841559    .16841559
       .4333  -1.68271492    .17931089    .17931089
       .4484  -1.69892207    .19085121    .19085120
       .4639  -1.71234870    .20306867    .20306867
       .4800  -1.72274702    .21599658    .21599658
       .4966  -1.72987901    .22966943    .22966943
       .5052  -1.73215035    .23679634    .23679634
       .5227  -1.73397803    .25165414    .25165414
       .5408  -1.73204444    .26734896    .26734896
       .5501  -1.72962527    .27552252    .27552252
       .5691  -1.72183156    .29254736    .29254735
       .5789  -1.71645107    .30140914    .30140914
       .5989  -1.70275240    .31985862    .31985862
       .6092  -1.69446737    .32945757    .32945757
       .6197  -1.68526138    .33931373    .33931372
       .6411  -1.66425512    .35982171    .35982171
       .6521  -1.65256860    .37048596    .37048596
       .6633  -1.64019153    .38143226    .38143225
       .6863  -1.61375585    .40419760    .40419759
       .6980  -1.59993842    .41603036    .41603035
       .7100  -1.58591710    .42817259    .42817259
       .7222  -1.57186858    .44063155    .44063155
       .7346  -1.55799667    .45341464    .45341464
       .7600  -1.53175127    .47998339    .47998339
       .7730  -1.51994900    .49378437    .49378436
       .7863  -1.50947326    .50794002    .50794002
   leaving psv

  chart: pseudized local potential
       .0220                                                                                                  1      !
       .0662                                                                                    1                    !
       .1105                                                                       1                                 !
       .1547                                                          1                                              !
       .1990                                               1                                                         !
       .2432                                    1                                                                    !
       .2875                           1                                                                             !
       .3317                   1                                                                                     !
       .3760              1                                                                                          !
       .4202         1                                                                                               !
       .4645      1                                                                                                  !
       .5088     1                                                                                                   !
       .5530     1                                                                                                   !
       .5973       1                                                                                                 !
       .6415         1                                                                                               !
       .6858            1                                                                                            !
       .7300              1                                                                                          !
       .7743                 1                                                                                       !
       .8185                   1                                                                                     !
       .8628                    1                                                                                    !
       .9070                      1                                                                                  !
       .9513                       1                                                                                 !
       .9956                        1                                                                                !
      1.0398                         1                                                                               !
      1.0841                           1                                                                             !
      1.1283                            1                                                                            !
      1.1726                             1                                                                           !
      1.2168                              1                                                                          !
      1.2611                               1                                                                         !
      1.3053                                1                                                                        !
      1.3496                                 1                                                                       !
      1.3938                                  1                                                                      !
      1.4381                                   1                                                                     !
      1.4823                                    1                                                                    !
      1.5266                                     1                                                                   !
      1.5709                                     1                                                                   !
      1.6151                                      1                                                                  !
      1.6594                                       1                                                                 !
      1.7036                                        1                                                                !
      1.7479                                         1                                                               !
      1.7921                                         1                                                               !
      1.8364                                          1                                                              !
      1.8806                                           1                                                             !
 
      1.9691                                            1                                                            !
      2.0134                                             1                                                           !
 
      2.1019                                              1                                                          !
      2.1462                                               1                                                         !
      2.1904                                               1                                                         !
      2.2347                                                1                                                        !
 
      2.3232                                                 1                                                       !
      2.3674                                                  1                                                      !
      2.4117                                                   1                                                     !
                 i         i         i         i         i         i         i         i         i         i         i
            -1.732              -1.386              -1.039              -.6929              -.3464               .0000E+00
                      -1.559              -1.213              -.8661              -.5196              -.1732    
 

   -------------------------------------------
   constructing ibeta = 1
   -------------------------------------------

   ibeta,lcur,ecur,ipsu    1    0  -.4673    2
   calling phase
   calling pswf2 - polynomial optimization

   subroutine pswf2
   leaving pswf2

   results for ibeta = 1
    psi - unpseudised wavefunction
    phi - pseudised wavefunction
    chi - projector function

       r         psi          phi          chi
      .0028    .01506410    .01052970   -.00743631
      .0141    .07396460    .05221714   -.03660653
      .0255    .13259210    .09462773   -.06517446
      .0368    .18915858    .13643223   -.09137630
      .0482    .24481141    .17842384   -.11489295
      .0596    .29943319    .22048248   -.13481366
      .0710    .35297036    .26253085   -.15031364
      .0817    .40170147    .30152490   -.16010326
      .0939    .45618752    .34594893   -.16518046
      .1043    .50110439    .38323518   -.16395204
      .1157    .54969632    .42425802   -.15635516
      .1283    .60212564    .46933205   -.14001755
      .1399    .64884714    .51022032   -.11765935
      .1499    .68825239    .54524281   -.09268406
      .1606    .72948338    .58242259   -.06027070
      .1720    .77255001    .62185140   -.01935583
      .1843    .81744955    .66361683    .03105311
      .1940    .85231716    .69652378    .07558158
      .2078    .90037215    .74257038    .14430216
      .2188    .93756047    .77876981    .20284223
      .2303    .97570123    .81642275    .26704677
      .2425   1.01475887    .85554862    .33620904
      .2509   1.04128552    .88245810    .38449969
      .2641   1.08177030    .92406763    .45892879
      .2733   1.10919818    .95263912    .50885641
      .2877   1.15094793    .99674198    .58189962
      .2977   1.17915404   1.02696984    .62763608
      .3080   1.20762987   1.05785212    .66931424
      .3188   1.23634836   1.08938064    .70519306
      .3298   1.26528018   1.12154431    .73325396
      .3413   1.29439358   1.15432863    .75119161
      .3531   1.32365441   1.18771504    .75641545
      .3654   1.35302595   1.22168015    .74606675
      .3781   1.38246894   1.25619474    .71705692
      .3912   1.41194143   1.29122259    .66613436
      .3979   1.42667491   1.30891543    .63141982
      .4117   1.45610719   1.34462642    .54144254
      .4188   1.47079380   1.36262950    .48540183
      .4333   1.50007626   1.39888703    .34945941
      .4484   1.52919334   1.43541059    .17983178
      .4561   1.54367259   1.45374230    .08190610
      .4639   1.55808942   1.47210239   -.02485986
      .4800   1.58670610   1.50884530   -.26458357
      .4882   1.60089067   1.52719341   -.39705080
      .5052   1.62897279   1.56374495   -.68477270
      .5138   1.64285406   1.58190444   -.83848424
      .5227   1.65661765   1.59995441   -.99735951
      .5316   1.67025504   1.61786881  -1.16002846
      .5501   1.69711620   1.65317864  -1.48983147
      .5595   1.71032210   1.67051418  -1.65272621
      .5691   1.72336606   1.68759465  -1.81090234
      .5789   1.73623878   1.70438704  -1.96139336
      .5888   1.74893083   1.72085759  -2.10088829
      .5989   1.76143264   1.73697216  -2.22574629
      .6197   1.78582667   1.76799767  -2.41555197
      .6303   1.79769915   1.78284303  -2.47197288
      .6411   1.80934193   1.79720266  -2.49690582
      .6521   1.82074489   1.81104940  -2.48608995
      .6633   1.83189779   1.82435996  -2.43561301
      .6747   1.84279033   1.83711590  -2.34220793
      .6863   1.85341212   1.84930472  -2.20363915
      .6980   1.86375271   1.86092079  -2.01919970
      .7100   1.87380159   1.87196623  -1.79034424
      .7222   1.88354820   1.88245151  -1.52148850
      .7222   1.88354820   1.88245151  -1.52148850
      .7346   1.89298193   1.89239560  -1.22101159
      .7472   1.90209218   1.90182541   -.90250528
      .7600   1.91086829   1.91077424   -.58632024
      .7730   1.91929962   1.91927878   -.30149501
      .7863   1.92737552   1.92737403   -.08792335

   -------------------------------------------
   construct beta functions and matrices
   -------------------------------------------

    matrix b(i,j)

       -.70994

    matrix q(i,j)

        .13141

    matrix d(i,j)

       -.77135

    matrix d(i,j)

       -.77135

    matrix i(i,j)

      -1.40858

   -------------------------------------------
   pseudize q-functions
   -------------------------------------------
 
   ====================================================================================================
    ib = 1 , lll(ib) = 0 , jb =  1 , lll(jb) = 0 , lmin = 0 , lmax = 0

   -------------------------------------------
   transform so betas are orthogonal
   -------------------------------------------
 
  after transformation :

    matrix q(i,j)

        .26074

    matrix d(i,j)

      -1.53042

 -----------------------------------------------
 end subroutine scpgef
 -----------------------------------------------

   chart: qfunction Q_{ib,ib}(r)
       .0120     !                                                                                                    
       .0360     ! 1                                                                                                  
       .0600     !    1                                                                                               
       .0840     !          1                                                                                         
       .1080     !                1                                                                                   
       .1321     !                        1                                                                           
       .1561     !                                1                                                                   
       .1801     !                                          1                                                         
       .2041     !                                                   1                                                
       .2281     !                                                           1                                        
       .2522     !                                                                    1                               
       .2762     !                                                                              1                     
       .3002     !                                                                                     1              
       .3242     !                                                                                          1         
       .3482     !                                                                                              1     
       .3723     !                                                                                                 1  
       .3963     !                                                                                                   1
       .4203     !                                                                                                   1
       .4443     !                                                                                                 1  
       .4683     !                                                                                              1     
       .4924     !                                                                                         1          
       .5164     !                                                                                     1              
       .5404     !                                                                             1                      
       .5644     !                                                                    1                               
       .5884     !                                                             1                                      
       .6125     !                                                      1                                             
       .6365     !                                           1                                                        
       .6605     !                                    1                                                               
       .6845     !                             1                                                                      
       .7085     !                       1                                                                            
       .7326     !                1                                                                                   
       .7566     !        1                                                                                           
       .7806     ! 1                                                                                                  
       .8046     !                                                                                                    
       .8286     !                                                                                                    
       .8527     !                                                                                                    
       .8767     !                                                                                                    
       .9007     !                                                                                                    
       .9247     !                                                                                                    
       .9487     !                                                                                                    
       .9728     !                                                                                                    
       .9968     !                                                                                                    
      1.0208     !                                                                                                    
      1.0448     !                                                                                                    
      1.0688     !                                                                                                    
      1.0929     !                                                                                                    
      1.1169     !                                                                                                    
      1.1409     !                                                                                                    
      1.1649     !                                                                                                    
      1.1889     !                                                                                                    
      1.2130     !                                                                                                    
      1.2370     !                                                                                                    
      1.2610     !                                                                                                    
      1.2850     !                                                                                                    
      1.3090     !                                                                                                    
                 i         i         i         i         i         i         i         i         i         i         i
            -.4190E-15           .1228               .2456               .3684               .4912               .6139    
                       .6139E-01           .1842               .3070               .4298               .5526    
 

   q * fourier transform of pseudized qfunctions

       q         1 1
     .00000    .00000
     .40000    .10375
     .80000    .20428
    1.20000    .29851
    1.60000    .38365
    2.00000    .45731
    2.40000    .51758
    2.80000    .56317
    3.20000    .59335
    3.60000    .60807
    4.00000    .60784
    4.40000    .59374
    4.80000    .56733
    5.20000    .53053
    5.60000    .48555
    6.00000    .43472
    6.40000    .38039
    6.80000    .32485
    7.20000    .27017
    7.60000    .21817
    8.00000    .17033
    8.40000    .12775
    8.80000    .09115
    9.20000    .06085
    9.60000    .03685
   10.00000    .01883
   10.40000    .00621
   10.80000   -.00174
   11.20000   -.00589
   11.60000   -.00713
   12.00000   -.00634
   12.40000   -.00433
   12.80000   -.00180
   13.20000    .00071
   13.60000    .00278
   14.00000    .00418
   14.40000    .00479
   14.80000    .00465
   15.20000    .00385
   15.60000    .00259
   16.00000    .00106
   16.40000   -.00050
   16.80000   -.00191
   17.20000   -.00301
   17.60000   -.00370
   18.00000   -.00392
   18.40000   -.00370
   18.80000   -.00309
   19.20000   -.00221
   19.60000   -.00116
   20.00000   -.00010

   chart: qfunction q*Q_{ib,ib}(q)
       .0000      !                                                                                                   
       .4000      !                1                                                                                  
       .8000      !                                1                                                                  
      1.2000      !                                                1                                                  
      1.6000      !                                                              1                                    
      2.0000      !                                                                         1                         
      2.4000      !                                                                                   1               
      2.8000      !                                                                                           1       
      3.2000      !                                                                                                1  
      3.6000      !                                                                                                  1
      4.0000      !                                                                                                  1
      4.4000      !                                                                                                1  
      4.8000      !                                                                                           1       
      5.2000      !                                                                                     1             
      5.6000      !                                                                              1                    
      6.0000      !                                                                      1                            
      6.4000      !                                                             1                                     
      6.8000      !                                                    1                                              
      7.2000      !                                           1                                                       
      7.6000      !                                   1                                                               
      8.0000      !                           1                                                                       
      8.4000      !                    1                                                                              
      8.8000      !              1                                                                                    
      9.2000      !         1                                                                                         
      9.6000      !     1                                                                                             
     10.0000      !  1                                                                                                
     10.4000      !1                                                                                                  
     10.8000      !                                                                                                   
     11.2000     1!                                                                                                   
     11.6000     1!                                                                                                   
     12.0000     1!                                                                                                   
     12.4000     1!                                                                                                   
     12.8000      !                                                                                                   
     13.2000      !                                                                                                   
     13.6000      !1                                                                                                  
     14.0000      !1                                                                                                  
     14.4000      !1                                                                                                  
     14.8000      !1                                                                                                  
     15.2000      !1                                                                                                  
     15.6000      !1                                                                                                  
     16.0000      !                                                                                                   
     16.4000      !                                                                                                   
     16.8000      !                                                                                                   
     17.2000      !                                                                                                   
     17.6000      !                                                                                                   
     18.0000      !                                                                                                   
     18.4000      !                                                                                                   
     18.8000      !                                                                                                   
     19.2000      !                                                                                                   
     19.6000      !                                                                                                   
     20.0000      !                                                                                                   
                 i         i         i         i         i         i         i         i         i         i         i
            -.7128E-02           .1159               .2390               .3620               .4850               .6081    
                       .5439E-01           .1774               .3005               .4235               .5465    
 

 subroutine scheqg: solve schroedinger equation
    nnlz,nctp,ninf =  100  345  543
      ecur,decur    -.46731615   .2788E-07
      ecur,decur    -.46731612   .4456E-12
 leaving scheqg

 subroutine rsae: construct charge density
   intermed rsvale for lp= 1   .98417021
     alpha=   .24639844
     integrated rsvale after lp 1   .99999979
   balancing valence density, asum =   .99999979 wwsum =  1.00000000
 leaving rsae

 subroutine descrn: descreen the psp

    i             r         vloc0          vloc         ruhar        ruexch        rsvale         alpha
   20     .00094176    -.00571049    -.00516296     .00171243    -.00116490   .198239D-05     .00000089
   40     .00232200    -.01407972    -.01272972     .00422217    -.00287217   .120512D-04     .00000537
   60     .00425919    -.02582562    -.02334933     .00774460    -.00526830   .405458D-04     .00001798
   80     .00697809    -.04230958    -.03825245     .01268827    -.00863114   .108825D-03     .00004801
  100     .01079411    -.06543983    -.05916383     .01962639    -.01335039   .260345D-03     .00011397
  120     .01614997    -.09788753    -.08849680     .02936295    -.01997222   .582573D-03     .00025231
  140     .02366702    -.14338134    -.12961761     .04302475    -.02926103   .125010D-02     .00053335
  160     .03421735    -.20709696    -.18719155     .06218887    -.04228345   .260876D-02     .00108994
  180     .04902494    -.29613744    -.26760046     .08905627    -.06051930   .533744D-02     .00216583
  200     .06980769    -.42002392    -.37933996     .12668148    -.08599753   .107503D-01     .00418872
  220     .09897669    -.59088566    -.53306385     .17925627    -.12143446   .213286D-01     .00785479
  240     .13991594    -.82239711    -.74028193     .25240540    -.17029021   .415324D-01     .01414249
  260     .19737499   -1.12489154   -1.00806942     .35333971    -.23651759   .786059D-01     .02398070
  280     .27801988   -1.49060772   -1.32373052     .49045443    -.32357724   .141944D+00     .03692925
  300     .39120656   -1.85892770   -1.61991178     .67152172    -.43250581   .238027D+00     .04827929
  320     .55006628   -2.07039287   -1.72962527     .89929042    -.55852282   .357173D+00     .04837371
  340     .77302901   -2.00300682   -1.51994900    1.16463790    -.68158007   .445709D+00     .04161367
  360    1.08596156   -1.99999982   -1.35398614    1.44241303    -.79639936   .481660D+00     .04159263
  380    1.52516851   -1.99999986   -1.18133917    1.69117295    -.87251226   .419644D+00     .04159273
  400    2.14160405   -1.99999990   -1.00668175    1.86907482    -.87575667   .271956D+00     .04159286
  420    3.00678340   -1.99999992    -.81855062    1.96201745    -.78056815   .117716D+00     .04159306
  440    4.22107952   -1.99999994    -.59622276    1.99352799    -.58975081   .292265D-01     .04159336
  460    5.92536789   -1.99999996    -.35279685    1.99947136    -.35226826   .339010D-02     .04159381
  480    8.31736993   -1.99999998    -.15017501    1.99998416    -.15015918   .140913D-03     .04159438
  500   11.67459159   -1.99999999    -.03968625    1.99999988    -.03968613   .147666D-05     .04159487
  520   16.38651783   -2.00000000    -.00533796    2.00000000    -.00533796   .236778D-08     .04159501
  540   22.99979846   -2.00000000    -.00026717    2.00000000    -.00026717   .202014D-12     .04159502
  560   32.28166716   -2.00000000     .00000000    2.00000000     .00000000   .000000D+00     .04159502
  580   45.30895141   -2.00000000     .00000000    2.00000000     .00000000   .000000D+00     .04159502
  600   63.59299961   -2.00000000     .00000000    2.00000000     .00000000   .000000D+00     .04159502

    matrix 0(i,j)

       -.50276

 value of screened s potential at origin =    -5.4822793

 total energy =   -.8914607
 leaving descrn

 pseudopotential has been written out

    ============================================================
    |  pseudopotential report: version  7.3.3 date  0- 0-   0  |
    ------------------------------------------------------------
    |  hydrogen                  ceperley-alder exchange-corr  |
    |  z =   1.    zv =   1.    exfact =    .00000             |
    |                            etot  =   -.89146             |
    |  index    orbital      occupation    energy              |
    |    1        100           1.00        -.47               |
    |  keyps = 3     ifpcor = 0     rpcor =    .00000          |
    |  rinner =       .80     for L=    1                      |
    |    new generation scheme:                                |
    |    nbeta =  1     kkbeta =  371     rcloc =     .8000    |
    |    ibeta      l    epsilon   rcut iptype                 |
    |       1      0       -.47    .80      2                  |
    |  npf    = 6  ptryc =  10.000                             |
    |  lloc   = 1  eloc   =    .000                            |
    |  ifqopt = 2  nqf    = 8  qtryc =  10.000                 |
    |  all electron calculation used schroedinger equation     |
    |         ************logarithmic mesh************         |
    ============================================================

 subroutine prwf: writing wavefunctions to unit iplot

   all electron and pseudo energies

                       100

                    full     pseudo  
    energy     -.4673161  -.4673161

   valence all-electron and pseudo wavefunctions

                    s           s
        r          full       pseudo
      .07104      .12251      .09112
      .21505      .32106      .26605
      .35922      .46450      .41809
      .49664      .56051      .53640
      .64112      .62797      .62376
      .78629      .66894      .66894
      .93197      .68938      .68938
     1.06767      .69422      .69422
     1.22307      .68716      .68716
     1.35426      .67339      .67339
     1.49949      .65208      .65208
     1.63233      .62860      .62860
     1.77691      .60008      .60008
     1.93428      .56687      .56687
     2.07014      .53723      .53723
     2.21553      .50521      .50521
     2.37112      .47119      .47119
     2.49493      .44463      .44463
     2.62520      .41739      .41739
     2.76227      .38968      .38968
     2.90648      .36174      .36174
     3.05822      .33379      .33379
     3.21788      .30607      .30607
     3.32891      .28782      .28782
     3.50269      .26098      .26098
     3.62354      .24352      .24352
     3.81268      .21814      .21814
     3.94423      .20184      .20184
     4.08031      .18610      .18610
     4.22108      .17096      .17096
     4.36671      .15645      .15645
     4.51735      .14262      .14262
     4.67319      .12949      .12949
     4.75312      .12320      .12320
     4.91709      .11116      .11116
     5.08671      .09986      .09986
     5.17370      .09450      .09450
     5.35218      .08432      .08432
     5.53680      .07489      .07489
     5.63149      .07045      .07045
     5.82574      .06212      .06212
     5.92537      .05822      .05822
     6.02670      .05450      .05450
     6.23458      .04757      .04757
     6.34119      .04435      .04435
     6.44963      .04130      .04130
     6.67209      .03566      .03566
     6.78619      .03306      .03306
     6.90223      .03061      .03061
     7.02025      .02830      .02830
     7.26239      .02409      .02409
     7.38658      .02217      .02217
     7.51288      .02038      .02038
     7.64135      .01870      .01870
     7.77201      .01713      .01713

   chart: valence all-electron and pseudo wavefunctions
       .0710                                   !    71                                                                
       .2137                                   !            7  1                                                      
       .3563                                   !                    7 1                                               
       .4989                                   !                          71                                          
       .6415                                   !                              1                                       
       .7841                                   !                                1                                     
       .9267                                   !                                 1                                    
      1.0693                                   !                                  1                                   
      1.2119                                   !                                 1                                    
      1.3545                                   !                                 1                                    
      1.4971                                   !                                1                                     
      1.6398                                   !                              1                                       
      1.7824                                   !                             1                                        
      1.9250                                   !                           1                                          
      2.0676                                   !                          1                                           
      2.2102                                   !                        1                                             
      2.3528                                   !                       1                                              
      2.4954                                   !                     1                                                
      2.6380                                   !                    1                                                 
      2.7806                                   !                  1                                                   
      2.9233                                   !                 1                                                    
      3.0659                                   !                1                                                     
      3.2085                                   !              1                                                       
      3.3511                                   !             1                                                        
      3.4937                                   !            1                                                         
      3.6363                                   !           1                                                          
      3.7789                                   !          1                                                           
      3.9215                                   !         1                                                            
      4.0641                                   !        1                                                             
      4.2067                                   !        1                                                             
      4.3494                                   !       1                                                              
      4.4920                                   !      1                                                               
      4.6346                                   !     1                                                                
      4.7772                                   !     1                                                                
      4.9198                                   !     1                                                                
      5.0624                                   !    1                                                                 
      5.2050                                   !    1                                                                 
      5.3476                                   !   1                                                                  
      5.4902                                   !   1                                                                  
      5.6329                                   !   1                                                                  
      5.7755                                   !  1                                                                   
      5.9181                                   !  1                                                                   
      6.0607                                   !  1                                                                   
      6.2033                                   ! 1                                                                    
      6.3459                                   ! 1                                                                    
      6.4885                                   ! 1                                                                    
      6.6311                                   ! 1                                                                    
      6.7737                                   ! 1                                                                    
      6.9163                                   ! 1                                                                    
      7.0590                                   !1                                                                     
      7.2016                                   !1                                                                     
      7.3442                                   !1                                                                     
      7.4868                                   !1                                                                     
      7.6294                                   !1                                                                     
      7.7720                                   !1                                                                     
                 i         i         i         i         i         i         i         i         i         i         i
            -.6000              -.2000               .2000               .6000              1.0000               1.400    
                      -.4000              -.2384E-07           .4000               .8000               1.200    
 

 subroutine fanal: fourier transform pseudo wavefunctions

   q * fourier transform of wfns

   wavevector             100
       .00000          .00000
       .20000          .88573
       .40000         1.31833
       .60000         1.32467
       .80000         1.13637
      1.00000          .91163
      1.20000          .71321
      1.40000          .55500
      1.60000          .43345
      1.80000          .34097
      2.00000          .27041
      2.20000          .21615
      2.40000          .17398
      2.60000          .14086
      2.80000          .11458
      3.00000          .09351
      3.20000          .07648
      3.40000          .06260
      3.60000          .05121
      3.80000          .04181
      4.00000          .03402
      4.20000          .02753
      4.40000          .02211
      4.60000          .01758
      4.80000          .01379
      5.00000          .01063
      5.20000          .00799
      5.40000          .00580
      5.60000          .00398
      5.80000          .00250
      6.00000          .00129
      6.20000          .00033
      6.40000         -.00043
      6.60000         -.00101
      6.80000         -.00144
      7.00000         -.00174
      7.20000         -.00192
      7.40000         -.00202
      7.60000         -.00203
      7.80000         -.00199
      8.00000         -.00189
      8.20000         -.00174
      8.40000         -.00157
      8.60000         -.00138
      8.80000         -.00117
      9.00000         -.00095
      9.20000         -.00073
      9.40000         -.00050
      9.60000         -.00030
      9.80000         -.00009
     10.00000          .00010
     10.20000          .00026
     10.40000          .00044
     10.60000          .00054
     10.80000          .00071
     11.00000          .00075
     11.20000          .00089
     11.40000          .00089
     11.60000          .00100
     11.80000          .00095
     12.00000          .00105
     12.20000          .00093
     12.40000          .00106
     12.60000          .00082
     12.80000          .00104
     13.00000          .00065
     13.20000          .00098
     13.40000          .00051
     13.60000          .00078
     13.80000          .00053
     14.00000          .00037
     14.20000          .00071
     14.40000         -.00009
     14.60000          .00069
     14.80000         -.00005
     15.00000          .00003

  chart: q * fourier transform of wfns
       .0000     !                                                                                                    
       .2000     !                                                                  1                                 
       .4000     !                                                                                                   1
       .6000     !                                                                                                   1
       .8000     !                                                                                     1              
      1.0000     !                                                                    1                               
      1.2000     !                                                     1                                              
      1.4000     !                                         1                                                          
      1.6000     !                                1                                                                   
      1.8000     !                         1                                                                          
      2.0000     !                    1                                                                               
      2.2000     !               1                                                                                    
      2.4000     !            1                                                                                       
      2.6000     !          1                                                                                         
      2.8000     !        1                                                                                           
      3.0000     !      1                                                                                             
      3.2000     !     1                                                                                              
      3.4000     !    1                                                                                               
      3.6000     !   1                                                                                                
      3.8000     !  1                                                                                                 
      4.0000     !  1                                                                                                 
      4.2000     ! 1                                                                                                  
      4.4000     ! 1                                                                                                  
      4.6000     !1                                                                                                   
      4.8000     !1                                                                                                   
      5.0000     !1                                                                                                   
      5.2000     !1                                                                                                   
      5.4000     !1                                                                                                   
      5.6000     !                                                                                                    
      5.8000     !                                                                                                    
      6.0000     !                                                                                                    
      6.2000     !                                                                                                    
      6.4000     !                                                                                                    
      6.6000     !                                                                                                    
      6.8000     !                                                                                                    
      7.0000     !                                                                                                    
      7.2000     !                                                                                                    
      7.4000     !                                                                                                    
      7.6000     !                                                                                                    
      7.8000     !                                                                                                    
      8.0000     !                                                                                                    
      8.2000     !                                                                                                    
      8.4000     !                                                                                                    
      8.6000     !                                                                                                    
      8.8000     !                                                                                                    
      9.0000     !                                                                                                    
      9.2000     !                                                                                                    
      9.4000     !                                                                                                    
      9.6000     !                                                                                                    
      9.8000     !                                                                                                    
     10.0000     !                                                                                                    
     10.2000     !                                                                                                    
     10.4000     !                                                                                                    
     10.6000     !                                                                                                    
     10.8000     !                                                                                                    
     11.0000     !                                                                                                    
     11.2000     !                                                                                                    
     11.4000     !                                                                                                    
     11.6000     !                                                                                                    
     11.8000     !                                                                                                    
     12.0000     !                                                                                                    
     12.2000     !                                                                                                    
     12.4000     !                                                                                                    
     12.6000     !                                                                                                    
     12.8000     !                                                                                                    
     13.0000     !                                                                                                    
     13.2000     !                                                                                                    
     13.4000     !                                                                                                    
     13.6000     !                                                                                                    
     13.8000     !                                                                                                    
     14.0000     !                                                                                                    
     14.2000     !                                                                                                    
     14.4000     !                                                                                                    
     14.6000     !                                                                                                    
     14.8000     !                                                                                                    
     15.0000     !                                                                                                    
                 i         i         i         i         i         i         i         i         i         i         i
            -.2034E-02           .2633               .5286               .7940               1.059               1.325    
                       .1306               .3960               .6613               .9267               1.192    
 

 leaving fanal

 calling lderiv: log derivatives of pseudopotential

 subroutine lderiv: pass   2

     logarithmic derivatives

      e          l=0             l=1             l=2             l=0             l=1             l=2
 
   -2.400      .10003E+01      .18887E+01      .26902E+01      .10053E+01      .18884E+01      .26898E+01
   -2.350      .97899E+00      .18772E+01      .26819E+01      .98378E+00      .18770E+01      .26816E+01
   -2.300      .95739E+00      .18658E+01      .26737E+01      .96204E+00      .18655E+01      .26733E+01
   -2.250      .93552E+00      .18543E+01      .26654E+01      .94002E+00      .18540E+01      .26651E+01
   -2.200      .91339E+00      .18427E+01      .26572E+01      .91774E+00      .18425E+01      .26568E+01
   -2.150      .89098E+00      .18311E+01      .26489E+01      .89518E+00      .18309E+01      .26485E+01
   -2.100      .86828E+00      .18195E+01      .26406E+01      .87233E+00      .18192E+01      .26402E+01
   -2.050      .84529E+00      .18078E+01      .26322E+01      .84919E+00      .18075E+01      .26318E+01
   -2.000      .82201E+00      .17960E+01      .26239E+01      .82575E+00      .17958E+01      .26235E+01
   -1.950      .79841E+00      .17842E+01      .26155E+01      .80200E+00      .17840E+01      .26151E+01
   -1.900      .77450E+00      .17724E+01      .26071E+01      .77794E+00      .17721E+01      .26067E+01
   -1.850      .75027E+00      .17605E+01      .25987E+01      .75355E+00      .17603E+01      .25983E+01
   -1.800      .72570E+00      .17485E+01      .25903E+01      .72882E+00      .17483E+01      .25899E+01
   -1.750      .70078E+00      .17365E+01      .25819E+01      .70375E+00      .17363E+01      .25815E+01
   -1.700      .67551E+00      .17245E+01      .25734E+01      .67832E+00      .17243E+01      .25730E+01
   -1.650      .64988E+00      .17124E+01      .25649E+01      .65253E+00      .17122E+01      .25645E+01
   -1.600      .62387E+00      .17002E+01      .25564E+01      .62636E+00      .17000E+01      .25560E+01
   -1.550      .59747E+00      .16880E+01      .25479E+01      .59981E+00      .16878E+01      .25475E+01
   -1.500      .57067E+00      .16758E+01      .25394E+01      .57286E+00      .16756E+01      .25389E+01
   -1.450      .54346E+00      .16634E+01      .25308E+01      .54549E+00      .16633E+01      .25304E+01
   -1.400      .51583E+00      .16511E+01      .25222E+01      .51771E+00      .16509E+01      .25218E+01
   -1.350      .48776E+00      .16387E+01      .25136E+01      .48949E+00      .16385E+01      .25132E+01
   -1.300      .45924E+00      .16262E+01      .25050E+01      .46082E+00      .16260E+01      .25046E+01
   -1.250      .43025E+00      .16136E+01      .24964E+01      .43168E+00      .16135E+01      .24959E+01
   -1.200      .40078E+00      .16011E+01      .24877E+01      .40207E+00      .16009E+01      .24873E+01
   -1.150      .37081E+00      .15884E+01      .24790E+01      .37196E+00      .15882E+01      .24786E+01
   -1.100      .34033E+00      .15757E+01      .24703E+01      .34135E+00      .15755E+01      .24699E+01
   -1.050      .30931E+00      .15629E+01      .24616E+01      .31020E+00      .15628E+01      .24612E+01
   -1.000      .27775E+00      .15501E+01      .24529E+01      .27851E+00      .15500E+01      .24524E+01
    -.950      .24561E+00      .15372E+01      .24441E+01      .24626E+00      .15371E+01      .24436E+01
    -.900      .21289E+00      .15243E+01      .24353E+01      .21342E+00      .15242E+01      .24349E+01
    -.850      .17955E+00      .15113E+01      .24265E+01      .17998E+00      .15112E+01      .24260E+01
    -.800      .14558E+00      .14982E+01      .24177E+01      .14592E+00      .14981E+01      .24172E+01
    -.750      .11096E+00      .14851E+01      .24088E+01      .11120E+00      .14850E+01      .24084E+01
    -.700      .75649E-01      .14719E+01      .24000E+01      .75823E-01      .14718E+01      .23995E+01
    -.650      .39635E-01      .14586E+01      .23911E+01      .39746E-01      .14585E+01      .23906E+01
    -.600      .28872E-02      .14453E+01      .23822E+01      .29476E-02      .14452E+01      .23817E+01
    -.550     -.34623E-01      .14319E+01      .23732E+01     -.34599E-01      .14318E+01      .23727E+01
    -.500     -.72926E-01      .14185E+01      .23643E+01     -.72922E-01      .14184E+01      .23638E+01
    -.450     -.11205E+00      .14050E+01      .23553E+01     -.11205E+00      .14049E+01      .23548E+01
    -.400     -.15204E+00      .13914E+01      .23463E+01     -.15202E+00      .13913E+01      .23458E+01
    -.350     -.19292E+00      .13777E+01      .23373E+01     -.19286E+00      .13777E+01      .23368E+01
    -.300     -.23473E+00      .13640E+01      .23282E+01     -.23461E+00      .13639E+01      .23277E+01
    -.250     -.27750E+00      .13502E+01      .23192E+01     -.27730E+00      .13502E+01      .23186E+01
    -.200     -.32130E+00      .13363E+01      .23101E+01     -.32098E+00      .13363E+01      .23096E+01
    -.150     -.36614E+00      .13224E+01      .23009E+01     -.36568E+00      .13224E+01      .23004E+01
    -.100     -.41209E+00      .13084E+01      .22918E+01     -.41145E+00      .13084E+01      .22913E+01
    -.050     -.45920E+00      .12943E+01      .22826E+01     -.45834E+00      .12943E+01      .22821E+01
     .000     -.50751E+00      .12802E+01      .22735E+01     -.50639E+00      .12802E+01      .22729E+01
     .050     -.55708E+00      .12659E+01      .22643E+01     -.55566E+00      .12659E+01      .22637E+01
     .100     -.60797E+00      .12516E+01      .22550E+01     -.60620E+00      .12516E+01      .22545E+01
     .150     -.66025E+00      .12372E+01      .22458E+01     -.65808E+00      .12373E+01      .22452E+01
     .200     -.71398E+00      .12228E+01      .22365E+01     -.71135E+00      .12228E+01      .22359E+01
     .250     -.76925E+00      .12082E+01      .22272E+01     -.76608E+00      .12083E+01      .22266E+01
     .300     -.82611E+00      .11936E+01      .22179E+01     -.82234E+00      .11937E+01      .22173E+01
     .350     -.88466E+00      .11789E+01      .22085E+01     -.88022E+00      .11790E+01      .22080E+01
     .400     -.94499E+00      .11642E+01      .21991E+01     -.93978E+00      .11642E+01      .21986E+01
     .450     -.10072E+01      .11493E+01      .21897E+01     -.10011E+01      .11494E+01      .21892E+01
     .500     -.10714E+01      .11343E+01      .21803E+01     -.10643E+01      .11345E+01      .21797E+01
     .550     -.11376E+01      .11193E+01      .21708E+01     -.11295E+01      .11194E+01      .21703E+01
     .600     -.12061E+01      .11042E+01      .21614E+01     -.11968E+01      .11043E+01      .21608E+01
     .650     -.12769E+01      .10890E+01      .21519E+01     -.12662E+01      .10891E+01      .21513E+01
     .700     -.13501E+01      .10737E+01      .21423E+01     -.13380E+01      .10739E+01      .21418E+01
     .750     -.14260E+01      .10583E+01      .21328E+01     -.14122E+01      .10585E+01      .21322E+01
     .800     -.15046E+01      .10429E+01      .21232E+01     -.14890E+01      .10430E+01      .21226E+01
     .850     -.15862E+01      .10273E+01      .21136E+01     -.15685E+01      .10275E+01      .21130E+01
     .900     -.16710E+01      .10116E+01      .21040E+01     -.16509E+01      .10119E+01      .21034E+01
     .950     -.17591E+01      .99590E+00      .20943E+01     -.17365E+01      .99613E+00      .20937E+01
    1.000     -.18507E+01      .98006E+00      .20846E+01     -.18253E+01      .98031E+00      .20840E+01
    1.050     -.19462E+01      .96412E+00      .20749E+01     -.19176E+01      .96439E+00      .20743E+01
    1.100     -.20458E+01      .94809E+00      .20652E+01     -.20137E+01      .94837E+00      .20645E+01
    1.150     -.21498E+01      .93196E+00      .20554E+01     -.21138E+01      .93225E+00      .20548E+01
    1.200     -.22585E+01      .91573E+00      .20456E+01     -.22181E+01      .91604E+00      .20450E+01
    1.250     -.23722E+01      .89939E+00      .20358E+01     -.23270E+01      .89972E+00      .20351E+01
    1.300     -.24914E+01      .88296E+00      .20259E+01     -.24408E+01      .88331E+00      .20253E+01
    1.350     -.26165E+01      .86642E+00      .20161E+01     -.25598E+01      .86679E+00      .20154E+01
    1.400     -.27480E+01      .84977E+00      .20061E+01     -.26846E+01      .85016E+00      .20055E+01
    1.450     -.28864E+01      .83302E+00      .19962E+01     -.28155E+01      .83343E+00      .19956E+01
    1.500     -.30324E+01      .81616E+00      .19863E+01     -.29530E+01      .81659E+00      .19856E+01
    1.550     -.31866E+01      .79919E+00      .19763E+01     -.30976E+01      .79964E+00      .19756E+01
    1.600     -.33497E+01      .78210E+00      .19662E+01     -.32501E+01      .78258E+00      .19656E+01

   chart: log derivatives
     -2.4000                                                       !            1          2         3                
     -2.3500                                                       !           1          2          3                
     -2.3000                                                       !           1          2         3                 
     -2.2500                                                       !           1          2         3                 
     -2.2000                                                       !          1           2         3                 
     -2.1500                                                       !          1           2         3                 
     -2.1000                                                       !          1           2         3                 
     -2.0500                                                       !          1           2         3                 
     -2.0000                                                       !         1           2          3                 
     -1.9500                                                       !         1           2          3                 
     -1.9000                                                       !         1           2          3                 
     -1.8500                                                       !        1            2         3                  
     -1.8000                                                       !        1            2         3                  
     -1.7500                                                       !        1            2         3                  
     -1.7000                                                       !       1             2         3                  
     -1.6500                                                       !       1            2          3                  
     -1.6000                                                       !       1            2          3                  
     -1.5500                                                       !      1             2          3                  
     -1.5000                                                       !      1             2          3                  
     -1.4500                                                       !      1             2          3                  
     -1.4000                                                       !     1              2          3                  
     -1.3500                                                       !     1             2          3                   
     -1.3000                                                       !     1             2          3                   
     -1.2500                                                       !    1              2          3                   
     -1.2000                                                       !    1              2          3                   
     -1.1500                                                       !    1              2          3                   
     -1.1000                                                       !   1               2          3                   
     -1.0500                                                       !   1               2          3                   
     -1.0000                                                       !  1               2           3                   
      -.9500                                                       !  1               2           3                   
      -.9000                                                       !  1               2          3                    
      -.8500                                                       ! 1                2          3                    
      -.8000                                                       ! 1                2          3                    
      -.7500                                                       !1                 2          3                    
      -.7000                                                       !1                2           3                    
      -.6500                                                       !                 2           3                    
      -.6000                                                       !                 2           3                    
      -.5500                                                       !                 2           3                    
      -.5000                                                      1!                 2           3                    
      -.4500                                                      1!                 2          3                     
      -.4000                                                     1 !                2           3                     
      -.3500                                                     1 !                2           3                     
      -.3000                                                    1  !                2           3                     
      -.2500                                                    1  !                2           3                     
      -.2000                                                   1   !                2           3                     
      -.1500                                                  1    !                2           3                     
      -.1000                                                  1    !               2            3                     
      -.0500                                                 1     !               2            3                     
       .0000                                                 1     !               2           3                      
       .0500                                                1      !               2           3                      
       .1000                                               1       !               2           3                      
       .1500                                               1       !              2            3                      
       .2000                                              1        !              2            3                      
       .2500                                             1         !              2            3                      
       .3000                                             1         !              2            3                      
       .3500                                            1          !              2            3                      
       .4000                                           1           !              2           3                       
       .4500                                          1            !             2            3                       
       .5000                                          1            !             2            3                       
       .5500                                         1             !             2            3                       
       .6000                                        1              !             2            3                       
       .6500                                       1               !             2            3                       
       .7000                                      1                !            2             3                       
       .7500                                     1                 !            2             3                       
       .8000                                    1                  !            2             3                       
       .8500                                   1                   !            2            3                        
       .9000                                  1                    !            2            3                        
       .9500                                 1                     !           2             3                        
      1.0000                                1                      !           2             3                        
      1.0500                               1                       !           2             3                        
      1.1000                             14                        !           2             3                        
      1.1500                            14                         !           2             3                        
      1.2000                           1                           !          2              3                        
      1.2500                         14                            !          2             3                         
      1.3000                        1                              !          2             3                         
      1.3500                      14                               !          2             3                         
      1.4000                     1                                 !          2             3                         
      1.4500                   14                                  !         2              3                         
      1.5000                 14                                    !         2              3                         
      1.5500               14                                      !         2              3                         
      1.6000             14                                        !         2              3                         
                 i         i         i         i         i         i         i         i         i         i         i
            -4.000              -2.400              -.8000               .8000               2.400               4.000    
                      -3.200              -1.600               .2220E-15           1.600               3.200    
 

 leaving lderiv

 eigenvalues of nonlocal potential 

   l= 0      -1.213913

 -------------------------------------------------
 eigensolution in bessel basis with cutoff 20.00
 -------------------------------------------------

   ecut=  20.0  rmax=  10.0   nbt= 1501
   nsw(l=0)=   15

   eigenvalues of local potential 
   l= 0       -.383484    .105320

   eigenvalues of US hamiltonian 
   l= 0       -.465919    .090200    .501313   1.140814

 -------------------------------------------------
 eigensolution in bessel basis with cutoff 30.00
 -------------------------------------------------

   ecut=  30.0  rmax=  10.0   nbt= 1501
   nsw(l=0)=   18

   eigenvalues of local potential 
   l= 0       -.384634    .105055

   eigenvalues of US hamiltonian 
   l= 0       -.466751    .090048    .501035   1.140412

 -------------------------------------------------
 eigensolution in bessel basis with cutoff 40.00
 -------------------------------------------------

   ecut=  40.0  rmax=  10.0   nbt= 1501
   nsw(l=0)=   21

   eigenvalues of local potential 
   l= 0       -.384954    .104989

   eigenvalues of US hamiltonian 
   l= 0       -.466776    .090044    .501027   1.140400
